<?xml version="1.0" encoding="UTF-8"?>
<!-- Generated by org.testng.reporters.JUnitReportReporter -->
<testsuite hostname="arifasha" name="com.istar.qa.test.CreateLesson" tests="2" failures="0" timestamp="24 Mar 2018 07:11:31 GMT" time="29.284" errors="0">
  <testcase name="CreateLesson1" time="21.140" classname="com.istar.qa.test.CreateLesson"/>
  <testcase name="Login" time="8.144" classname="com.istar.qa.test.CreateLesson"/>
</testsuite> <!-- com.istar.qa.test.CreateLesson -->
